<?xml version="1.0" encoding="UTF-8"?>
<!-- Generated by org.testng.reporters.JUnitReportReporter -->
<testsuite skipped="0" hostname="chethan-Latitude-3490" name="com.weather.test.WeatherReport" tests="1" failures="1" timestamp="2020-09-28T01:56:52 IST" time="7.893" errors="0">
  <testcase name="compareWetherInfo" time="7.893" classname="com.weather.test.WeatherReport">
    <failure type="junit.framework.AssertionFailedError" message="Temparature in degree of API and UI are NOT same with variance, pls increase the variance value if necessary">
      <![CDATA[junit.framework.AssertionFailedError: Temparature in degree of API and UI are NOT same with variance, pls increase the variance value if necessary
at junit.framework.Assert.fail(Assert.java:50)
at junit.framework.Assert.assertTrue(Assert.java:20)
at com.weather.test.WeatherReport.compareWetherInfo(WeatherReport.java:68)
at sun.reflect.NativeMethodAccessorImpl.invoke0(Native Method)
at sun.reflect.NativeMethodAccessorImpl.invoke(NativeMethodAccessorImpl.java:62)
at sun.reflect.DelegatingMethodAccessorImpl.invoke(DelegatingMethodAccessorImpl.java:43)
at java.lang.reflect.Method.invoke(Method.java:498)
at org.testng.internal.MethodInvocationHelper.invokeMethod(MethodInvocationHelper.java:134)
at org.testng.internal.TestInvoker.invokeMethod(TestInvoker.java:597)
at org.testng.internal.TestInvoker.invokeTestMethod(TestInvoker.java:173)
at org.testng.internal.MethodRunner.runInSequence(MethodRunner.java:46)
at org.testng.internal.TestInvoker$MethodInvocationAgent.invoke(TestInvoker.java:816)
at org.testng.internal.TestInvoker.invokeTestMethods(TestInvoker.java:146)
at org.testng.internal.TestMethodWorker.invokeTestMethods(TestMethodWorker.java:146)
at org.testng.internal.TestMethodWorker.run(TestMethodWorker.java:128)
at java.util.ArrayList.forEach(ArrayList.java:1257)
at org.testng.TestRunner.privateRun(TestRunner.java:766)
at org.testng.TestRunner.run(TestRunner.java:587)
at org.testng.SuiteRunner.runTest(SuiteRunner.java:384)
at org.testng.SuiteRunner.runSequentially(SuiteRunner.java:378)
at org.testng.SuiteRunner.privateRun(SuiteRunner.java:337)
at org.testng.SuiteRunner.run(SuiteRunner.java:286)
at org.testng.SuiteRunnerWorker.runSuite(SuiteRunnerWorker.java:53)
at org.testng.SuiteRunnerWorker.run(SuiteRunnerWorker.java:96)
at org.testng.TestNG.runSuitesSequentially(TestNG.java:1187)
at org.testng.TestNG.runSuitesLocally(TestNG.java:1109)
at org.testng.TestNG.runSuites(TestNG.java:1039)
at org.testng.TestNG.run(TestNG.java:1007)
at org.testng.remote.AbstractRemoteTestNG.run(AbstractRemoteTestNG.java:115)
at org.testng.remote.RemoteTestNG.initAndRun(RemoteTestNG.java:251)
at org.testng.remote.RemoteTestNG.main(RemoteTestNG.java:77)
]]>
    </failure>
  </testcase> <!-- compareWetherInfo -->
  <system-out>
City, State and Country parameters are passed Response of API: {"coord":{"lon":77.59,"lat":12.98},"weather":[{"id":803,"main":"Clouds","description":"broken clouds","icon":"04n"}],"base":"stations","main":{"temp":294.15,"feels_like":297.64,"temp_min":294.15,"temp_max":294.15,"pressure":1014,"humidity":100},"visibility":6000,"wind":{"speed":1,"deg":0},"clouds":{"all":75},"dt":1601238230,"sys":{"type":1,"id":9208,"country":"IN","sunrise":1601253525,"sunset":1601296900},"timezone":19800,"id":1277333,"name":"Bengaluru","cod":200} API weather info: Temp in degree 20.999994, Temp in Fahrenheit 69.79999, Wind speed in kmph 1.609344 UI weather info:  Temp in degree 27.0, Temp in Fahrenheit 81.0, Wind speed in kmph 4.82 Variance Info: Temp degree variance: 6.0, Temp Fahrenheit variance: 12.0, Wind speed variance: 1.5  </system-out>
</testsuite> <!-- com.weather.test.WeatherReport -->
